<?xml version="1.0" encoding="UTF-8"?>
<!-- Generated by org.testng.reporters.JUnitReportReporter -->
<testsuite hostname="LAPTOP-A2TROOEB" failures="0" tests="1" name="com.hrms.testscripts.TC001" time="3.623" errors="0" timestamp="30 Dec 2023 09:14:06 GMT">
  <testcase classname="com.hrms.testscripts.TC001" name="tc001" time="3.623"/>
</testsuite> <!-- com.hrms.testscripts.TC001 -->
