<?xml version="1.0" encoding="UTF-8"?>
<!-- Generated by org.testng.reporters.JUnitReportReporter -->
<testsuite hostname="LAPTOP-A2TROOEB" failures="0" tests="1" name="com.hrms.testscripts.TC002" time="6.077" errors="0" timestamp="30 Dec 2023 09:14:06 GMT">
  <testcase classname="com.hrms.testscripts.TC002" name="tc002" time="6.077"/>
</testsuite> <!-- com.hrms.testscripts.TC002 -->
